# JRE version: Java(TM) SE Runtime Environment (7.0_79-b15) (build 1.7.0_79-b15)
# Java VM: Java HotSpot(TM) 64-Bit Server VM (24.79-b02 mixed mode bsd-amd64 compressed oops)
Heap
 PSYoungGen      total 76800K, used 76658K [0x00000007aaa80000, 0x00000007b0000000, 0x0000000800000000)
  eden space 66048K, 99% used [0x00000007aaa80000,0x00000007aeadf828,0x00000007aeb00000)
  from space 10752K, 99% used [0x00000007af580000,0x00000007afffd188,0x00000007b0000000)
  to   space 10752K, 0% used [0x00000007aeb00000,0x00000007aeb00000,0x00000007af580000)
 ParOldGen       total 174592K, used 4803K [0x0000000700000000, 0x000000070aa80000, 0x00000007aaa80000)
  object space 174592K, 2% used [0x0000000700000000,0x00000007004b0ef0,0x000000070aa80000)
 PSPermGen       total 21504K, used 12952K [0x00000006fae00000, 0x00000006fc300000, 0x0000000700000000)
  object space 21504K, 60% used [0x00000006fae00000,0x00000006fbaa6068,0x00000006fc300000)
GC Heap History (4 events):
Event: 8.559 GC heap before
{Heap before GC invocations=1 (full 0):
 PSYoungGen      total 76800K, used 66048K [0x00000007aaa80000, 0x00000007b0000000, 0x0000000800000000)
  eden space 66048K, 100% used [0x00000007aaa80000,0x00000007aeb00000,0x00000007aeb00000)
  from space 10752K, 0% used [0x00000007af580000,0x00000007af580000,0x00000007b0000000)
  to   space 10752K, 0% used [0x00000007aeb00000,0x00000007aeb00000,0x00000007af580000)
 ParOldGen       total 174592K, used 0K [0x0000000700000000, 0x000000070aa80000, 0x00000007aaa80000)
  object space 174592K, 0% used [0x0000000700000000,0x0000000700000000,0x000000070aa80000)
 PSPermGen       total 21504K, used 12859K [0x00000006fae00000, 0x00000006fc300000, 0x0000000700000000)
  object space 21504K, 59% used [0x00000006fae00000,0x00000006fba8ed60,0x00000006fc300000)
Event: 8.571 GC heap after
Heap after GC invocations=1 (full 0):
 PSYoungGen      total 76800K, used 10750K [0x00000007aaa80000, 0x00000007b0000000, 0x0000000800000000)
  eden space 66048K, 0% used [0x00000007aaa80000,0x00000007aaa80000,0x00000007aeb00000)
  from space 10752K, 99% used [0x00000007aeb00000,0x00000007af57fac8,0x00000007af580000)
  to   space 10752K, 0% used [0x00000007af580000,0x00000007af580000,0x00000007b0000000)
 ParOldGen       total 174592K, used 673K [0x0000000700000000, 0x000000070aa80000, 0x00000007aaa80000)
  object space 174592K, 0% used [0x0000000700000000,0x00000007000a8678,0x000000070aa80000)
 PSPermGen       total 21504K, used 12859K [0x00000006fae00000, 0x00000006fc300000, 0x0000000700000000)
  object space 21504K, 59% used [0x00000006fae00000,0x00000006fba8ed60,0x00000006fc300000)
}
Event: 73.312 GC heap before
{Heap before GC invocations=2 (full 0):
 PSYoungGen      total 76800K, used 76798K [0x00000007aaa80000, 0x00000007b0000000, 0x0000000800000000)
  eden space 66048K, 100% used [0x00000007aaa80000,0x00000007aeb00000,0x00000007aeb00000)
  from space 10752K, 99% used [0x00000007aeb00000,0x00000007af57fac8,0x00000007af580000)
  to   space 10752K, 0% used [0x00000007af580000,0x00000007af580000,0x00000007b0000000)
 ParOldGen       total 174592K, used 673K [0x0000000700000000, 0x000000070aa80000, 0x00000007aaa80000)
  object space 174592K, 0% used [0x0000000700000000,0x00000007000a8678,0x000000070aa80000)
 PSPermGen       total 21504K, used 12909K [0x00000006fae00000, 0x00000006fc300000, 0x0000000700000000)
  object space 21504K, 60% used [0x00000006fae00000,0x00000006fba9b420,0x00000006fc300000)
Event: 73.320 GC heap after
Heap after GC invocations=2 (full 0):
 PSYoungGen      total 76800K, used 10740K [0x00000007aaa80000, 0x00000007b0000000, 0x0000000800000000)
  eden space 66048K, 0% used [0x00000007aaa80000,0x00000007aaa80000,0x00000007aeb00000)
  from space 10752K, 99% used [0x00000007af580000,0x00000007afffd188,0x00000007b0000000)
  to   space 10752K, 0% used [0x00000007aeb00000,0x00000007aeb00000,0x00000007af580000)
 ParOldGen       total 174592K, used 4803K [0x0000000700000000, 0x000000070aa80000, 0x00000007aaa80000)
  object space 174592K, 2% used [0x0000000700000000,0x00000007004b0ef0,0x000000070aa80000)
 PSPermGen       total 21504K, used 12909K [0x00000006fae00000, 0x00000006fc300000, 0x0000000700000000)
  object space 21504K, 60% used [0x00000006fae00000,0x00000006fba9b420,0x00000006fc300000)
}

